Removed Pin From Net: NetName=GND Pin=R13-1
Removed Pin From Net: NetName=NetR12_2 Pin=U5-25
Change Component Designator: OldDesignator=M1 NewDesignator=D5
Change Component Designator: OldDesignator=M2 NewDesignator=D4
Change Component Designator: OldDesignator=M3 NewDesignator=D3
Change Component Designator: OldDesignator=M4 NewDesignator=D2
Change Component Designator: OldDesignator=PWR NewDesignator=D1
Change Component Designator: OldDesignator=RUN NewDesignator=D8
Added Component: Designator=P3(Header_SMD_2.54X8)
Added Pin To Net: NetName=PA0 Pin=P3-1
Added Pin To Net: NetName=PA1 Pin=P3-2
Added Pin To Net: NetName=PA4 Pin=P3-3
Added Pin To Net: NetName=PA5 Pin=P3-4
Added Pin To Net: NetName=PA6 Pin=P3-5
Added Pin To Net: NetName=PA7 Pin=P3-6
Added Pin To Net: NetName=PA8 Pin=P3-7
Added Pin To Net: NetName=PB0 Pin=P3-8
Added Pin To Net: NetName=PC13 Pin=P3-10
Added Pin To Net: NetName=PB10 Pin=P3-11
Added Pin To Net: NetName=PB9 Pin=P3-12
Added Pin To Net: NetName=PB8 Pin=P3-13
Added Pin To Net: NetName=PB4 Pin=P3-14
Added Pin To Net: NetName=PB3 Pin=P3-15
Added Pin To Net: NetName=PB1 Pin=P3-16
Change Net Name : Old Net Name=OSC32_OUT New Net Name=PC15
Added Pin To Net: NetName=PC14 Pin=P3-9
Added Pin To Net: NetName=PC14 Pin=U1-3
Added Net: Name=PC14
Added Member To Class: ClassName=UperMachine Member=Component P3 Header_2X8
Added Room: Name=UperMachine
