Added Component: Designator=C1(Cap-0603)
Added Component: Designator=C2(Cap-0603)
Added Component: Designator=C3(Cap-0603)
Added Component: Designator=C4(Cap-0603)
Added Component: Designator=C5(Cap-0603)
Added Component: Designator=C6(Cap-0603)
Added Component: Designator=C7(tan_cap_C)
Added Component: Designator=C8(Cap-0603-M)
Added Component: Designator=C9(Cap-0603-M)
Added Component: Designator=C10(tan_cap_C)
Added Component: Designator=C11(Cap-0603)
Added Component: Designator=C12(Cap-0603)
Added Component: Designator=C13(Cap-0603)
Added Component: Designator=D1(LED_0603_B)
Added Component: Designator=D2(LED_0603_W)
Added Component: Designator=D3(DO-214AC/SMA)
Added Component: Designator=H1(¹²Ä£¶óÁ÷È¦)
Added Component: Designator=K1(SW-SMD-2X4)
Added Component: Designator=P1(Header_SMD_2.54X2)
Added Component: Designator=P2(PH2.0S-6P)
Added Component: Designator=P5(Header_SMD_2.54X2)
Added Component: Designator=R1(Res-0603)
Added Component: Designator=R2(Res-0603)
Added Component: Designator=R3(Res-0603)
Added Component: Designator=R4(Res-0603)
Added Component: Designator=R5(Res-0603)
Added Component: Designator=R6(Res-0603)
Added Component: Designator=R7(Res-0603)
Added Component: Designator=R8(Res-0603)
Added Component: Designator=R9(Res-0603)
Added Component: Designator=U1(stm32f103c8t6)
Added Component: Designator=U2(AMS1117)
Added Component: Designator=U3(tja1050)
Added Component: Designator=X1(OSC 5032-2P)
Added Pin To Net: NetName=3.3V Pin=C1-2
Added Pin To Net: NetName=3.3V Pin=C2-2
Added Pin To Net: NetName=3.3V Pin=C3-2
Added Pin To Net: NetName=3.3V Pin=C4-2
Added Pin To Net: NetName=3.3V Pin=C9-2
Added Pin To Net: NetName=3.3V Pin=C10-1
Added Pin To Net: NetName=3.3V Pin=R1-1
Added Pin To Net: NetName=3.3V Pin=R2-1
Added Pin To Net: NetName=3.3V Pin=U1-9
Added Pin To Net: NetName=3.3V Pin=U1-24
Added Pin To Net: NetName=3.3V Pin=U1-36
Added Pin To Net: NetName=3.3V Pin=U1-48
Added Pin To Net: NetName=3.3V Pin=U2-2
Added Pin To Net: NetName=3.3V Pin=U2-4
Added Net: Name=3.3V
Added Pin To Net: NetName=24V Pin=D3-K
Added Net: Name=24V
Added Pin To Net: NetName=BOOT0 Pin=R7-2
Added Pin To Net: NetName=BOOT0 Pin=U1-44
Added Net: Name=BOOT0
Added Pin To Net: NetName=BOOT1 Pin=R6-1
Added Pin To Net: NetName=BOOT1 Pin=U1-20
Added Net: Name=BOOT1
Added Pin To Net: NetName=CAN_N Pin=H1-4
Added Pin To Net: NetName=CAN_N Pin=P2-4
Added Pin To Net: NetName=CAN_N Pin=R3-1
Added Net: Name=CAN_N
Added Pin To Net: NetName=CAN_P Pin=H1-3
Added Pin To Net: NetName=CAN_P Pin=P2-5
Added Pin To Net: NetName=CAN_P Pin=R4-2
Added Net: Name=CAN_P
Added Pin To Net: NetName=CAN_RX Pin=U1-32
Added Pin To Net: NetName=CAN_RX Pin=U3-4
Added Net: Name=CAN_RX
Added Pin To Net: NetName=CAN_TX Pin=U1-33
Added Pin To Net: NetName=CAN_TX Pin=U3-1
Added Net: Name=CAN_TX
Added Pin To Net: NetName=GND Pin=C1-1
Added Pin To Net: NetName=GND Pin=C2-1
Added Pin To Net: NetName=GND Pin=C3-1
Added Pin To Net: NetName=GND Pin=C4-1
Added Pin To Net: NetName=GND Pin=C5-2
Added Pin To Net: NetName=GND Pin=C6-2
Added Pin To Net: NetName=GND Pin=C7-2
Added Pin To Net: NetName=GND Pin=C8-1
Added Pin To Net: NetName=GND Pin=C9-1
Added Pin To Net: NetName=GND Pin=C10-2
Added Pin To Net: NetName=GND Pin=C11-1
Added Pin To Net: NetName=GND Pin=C13-2
Added Pin To Net: NetName=GND Pin=D1-2
Added Pin To Net: NetName=GND Pin=D2-2
Added Pin To Net: NetName=GND Pin=K1-1
Added Pin To Net: NetName=GND Pin=P1-2
Added Pin To Net: NetName=GND Pin=P2-2
Added Pin To Net: NetName=GND Pin=P2-3
Added Pin To Net: NetName=GND Pin=P5-2
Added Pin To Net: NetName=GND Pin=R6-2
Added Pin To Net: NetName=GND Pin=R7-1
Added Pin To Net: NetName=GND Pin=U1-8
Added Pin To Net: NetName=GND Pin=U1-23
Added Pin To Net: NetName=GND Pin=U1-35
Added Pin To Net: NetName=GND Pin=U1-47
Added Pin To Net: NetName=GND Pin=U2-1
Added Pin To Net: NetName=GND Pin=U3-8
Added Net: Name=GND
Added Pin To Net: NetName=IN_N Pin=H1-1
Added Pin To Net: NetName=IN_N Pin=U3-7
Added Net: Name=IN_N
Added Pin To Net: NetName=IN_P Pin=H1-2
Added Pin To Net: NetName=IN_P Pin=U3-6
Added Net: Name=IN_P
Added Pin To Net: NetName=JTCK Pin=P5-4
Added Pin To Net: NetName=JTCK Pin=U1-37
Added Net: Name=JTCK
Added Pin To Net: NetName=JTMS Pin=P5-3
Added Pin To Net: NetName=JTMS Pin=U1-34
Added Net: Name=JTMS
Added Pin To Net: NetName=NetC12_2 Pin=C12-2
Added Pin To Net: NetName=NetC12_2 Pin=U3-2
Added Net: Name=NetC12_2
Added Pin To Net: NetName=NetC13_1 Pin=C13-1
Added Pin To Net: NetName=NetC13_1 Pin=R8-2
Added Pin To Net: NetName=NetC13_1 Pin=R9-1
Added Net: Name=NetC13_1
Added Pin To Net: NetName=NetD1_1 Pin=D1-1
Added Pin To Net: NetName=NetD1_1 Pin=R2-2
Added Net: Name=NetD1_1
Added Pin To Net: NetName=NetD2_1 Pin=D2-1
Added Pin To Net: NetName=NetD2_1 Pin=R5-2
Added Net: Name=NetD2_1
Added Pin To Net: NetName=NetD3_A Pin=D3-A
Added Pin To Net: NetName=NetD3_A Pin=P2-1
Added Net: Name=NetD3_A
Added Pin To Net: NetName=NetR3_2 Pin=R3-2
Added Pin To Net: NetName=NetR3_2 Pin=R8-1
Added Net: Name=NetR3_2
Added Pin To Net: NetName=NetR4_1 Pin=R4-1
Added Pin To Net: NetName=NetR4_1 Pin=R9-2
Added Net: Name=NetR4_1
Added Pin To Net: NetName=NRST Pin=C11-2
Added Pin To Net: NetName=NRST Pin=K1-3
Added Pin To Net: NetName=NRST Pin=R1-2
Added Pin To Net: NetName=NRST Pin=U1-7
Added Net: Name=NRST
Added Pin To Net: NetName=OSC8M_IN Pin=C5-1
Added Pin To Net: NetName=OSC8M_IN Pin=U1-5
Added Pin To Net: NetName=OSC8M_IN Pin=X1-2
Added Net: Name=OSC8M_IN
Added Pin To Net: NetName=OSC8M_OUT Pin=C6-1
Added Pin To Net: NetName=OSC8M_OUT Pin=U1-6
Added Pin To Net: NetName=OSC8M_OUT Pin=X1-1
Added Net: Name=OSC8M_OUT
Added Pin To Net: NetName=OSC32_IN Pin=U1-3
Added Net: Name=OSC32_IN
Added Pin To Net: NetName=OSC32_OUT Pin=U1-4
Added Net: Name=OSC32_OUT
Added Pin To Net: NetName=PA0 Pin=U1-10
Added Net: Name=PA0
Added Pin To Net: NetName=PA1 Pin=U1-11
Added Net: Name=PA1
Added Pin To Net: NetName=PA2 Pin=P1-3
Added Pin To Net: NetName=PA2 Pin=U1-12
Added Net: Name=PA2
Added Pin To Net: NetName=PA3 Pin=P1-4
Added Pin To Net: NetName=PA3 Pin=U1-13
Added Net: Name=PA3
Added Pin To Net: NetName=PA4 Pin=U1-14
Added Net: Name=PA4
Added Pin To Net: NetName=PA5 Pin=U1-15
Added Net: Name=PA5
Added Pin To Net: NetName=PA6 Pin=U1-16
Added Net: Name=PA6
Added Pin To Net: NetName=PA7 Pin=U1-17
Added Net: Name=PA7
Added Pin To Net: NetName=PA8 Pin=U1-29
Added Net: Name=PA8
Added Pin To Net: NetName=PA9 Pin=U1-30
Added Net: Name=PA9
Added Pin To Net: NetName=PA10 Pin=U1-31
Added Net: Name=PA10
Added Pin To Net: NetName=PA15 Pin=U1-38
Added Net: Name=PA15
Added Pin To Net: NetName=PB0 Pin=U1-18
Added Net: Name=PB0
Added Pin To Net: NetName=PB1 Pin=U1-19
Added Net: Name=PB1
Added Pin To Net: NetName=PB3 Pin=U1-39
Added Net: Name=PB3
Added Pin To Net: NetName=PB4 Pin=U1-40
Added Net: Name=PB4
Added Pin To Net: NetName=PB5 Pin=U1-41
Added Net: Name=PB5
Added Pin To Net: NetName=PB6 Pin=U1-42
Added Net: Name=PB6
Added Pin To Net: NetName=PB7 Pin=U1-43
Added Net: Name=PB7
Added Pin To Net: NetName=PB8 Pin=U1-45
Added Net: Name=PB8
Added Pin To Net: NetName=PB9 Pin=U1-46
Added Net: Name=PB9
Added Pin To Net: NetName=PB10 Pin=U1-21
Added Net: Name=PB10
Added Pin To Net: NetName=PB11 Pin=U1-22
Added Net: Name=PB11
Added Pin To Net: NetName=PB12 Pin=U1-25
Added Net: Name=PB12
Added Pin To Net: NetName=PB13 Pin=U1-26
Added Net: Name=PB13
Added Pin To Net: NetName=PB14 Pin=U1-27
Added Net: Name=PB14
Added Pin To Net: NetName=PB15 Pin=R5-1
Added Pin To Net: NetName=PB15 Pin=U1-28
Added Net: Name=PB15
Added Pin To Net: NetName=PC13 Pin=U1-2
Added Net: Name=PC13
Added Pin To Net: NetName=VBAT Pin=U1-1
Added Net: Name=VBAT
Added Pin To Net: NetName=VCC Pin=C7-1
Added Pin To Net: NetName=VCC Pin=C8-2
Added Pin To Net: NetName=VCC Pin=C12-1
Added Pin To Net: NetName=VCC Pin=P1-1
Added Pin To Net: NetName=VCC Pin=P2-6
Added Pin To Net: NetName=VCC Pin=P5-1
Added Pin To Net: NetName=VCC Pin=U2-3
Added Pin To Net: NetName=VCC Pin=U3-3
Added Net: Name=VCC
Added Class: Name=UperMachine
Added Differential Pair: Name=CAN
Added Differential Pair: Name=IN
Added Room: Name=UperMachine
