Removed Pin From Net: NetName=24V Pin=D3-K
Change Component Comment : Designator=R5 Old Comment=470 New Comment=470R
Change Component Comment : Designator=D1 Old Comment=LED_SMD_BLUE New Comment=LED_BLUE
Change Component Designator: OldDesignator=D3 NewDesignator=D6
Added Component: Designator=C14(Cap-0603)
Added Component: Designator=C15(Cap-0603)
Added Component: Designator=C16(Cap-0603)
Added Component: Designator=C17(Cap-0603)
Added Component: Designator=C18(Cap-0603)
Added Component: Designator=C19(Cap-0603)
Added Component: Designator=D3(LED_0603_W)
Added Component: Designator=D4(LED_0603_W)
Added Component: Designator=D5(LED_0603_W)
Added Component: Designator=DC1(DC-005)
Added Component: Designator=R10(Res-0603)
Added Component: Designator=R11(Res-0603)
Added Component: Designator=R12(Res-0603)
Added Component: Designator=R13(Res-0603)
Added Component: Designator=R14(Res-0603)
Added Component: Designator=R15(Res-0603)
Added Component: Designator=R17(Res-0603)
Added Component: Designator=R18(Res-0603)
Added Component: Designator=R19(Res-0603)
Added Component: Designator=U4(SOP127P590X265-16N)
Added Component: Designator=U5(QFN50P400X400X95_HS-25N)
Added Component: Designator=USB1(USB-MICRO-SMD_C)
Added Component: Designator=X2(OSC HC-49SMD)
Added Pin To Net: NetName=GND Pin=C14-1
Added Pin To Net: NetName=GND Pin=C15-2
Added Pin To Net: NetName=GND Pin=C16-2
Added Pin To Net: NetName=GND Pin=C17-1
Added Pin To Net: NetName=3.3V Pin=C17-2
Added Pin To Net: NetName=GND Pin=C18-1
Added Pin To Net: NetName=GND Pin=C19-2
Added Pin To Net: NetName=GND Pin=D3-2
Added Pin To Net: NetName=GND Pin=D4-2
Added Pin To Net: NetName=GND Pin=D5-2
Added Pin To Net: NetName=24V Pin=D6-A
Added Pin To Net: NetName=24V Pin=DC1-1
Added Pin To Net: NetName=GND Pin=DC1-2
Added Pin To Net: NetName=GND Pin=DC1-3
Added Pin To Net: NetName=PB7 Pin=R10-1
Added Pin To Net: NetName=VCC Pin=R10-2
Added Pin To Net: NetName=PB6 Pin=R11-1
Added Pin To Net: NetName=VCC Pin=R11-2
Added Pin To Net: NetName=PB5 Pin=R12-1
Added Pin To Net: NetName=GND Pin=R13-1
Added Pin To Net: NetName=3.3V Pin=R15-1
Added Pin To Net: NetName=PB14 Pin=R17-1
Added Pin To Net: NetName=PB13 Pin=R18-1
Added Pin To Net: NetName=PB12 Pin=R19-1
Added Pin To Net: NetName=GND Pin=U4-1
Added Pin To Net: NetName=PA10 Pin=U4-2
Added Pin To Net: NetName=PA9 Pin=U4-3
Added Pin To Net: NetName=VCC Pin=U4-16
Added Pin To Net: NetName=GND Pin=U5-1
Added Pin To Net: NetName=3.3V Pin=U5-8
Added Pin To Net: NetName=GND Pin=U5-11
Added Pin To Net: NetName=3.3V Pin=U5-13
Added Pin To Net: NetName=GND Pin=U5-18
Added Pin To Net: NetName=PB6 Pin=U5-23
Added Pin To Net: NetName=PB7 Pin=U5-24
Added Pin To Net: NetName=VCC Pin=USB1-1
Added Pin To Net: NetName=GND Pin=USB1-4
Added Pin To Net: NetName=GND Pin=USB1-5
Added Pin To Net: NetName=AD0 Pin=R13-2
Added Pin To Net: NetName=AD0 Pin=R14-2
Added Pin To Net: NetName=AD0 Pin=U5-9
Added Net: Name=AD0
Added Pin To Net: NetName=NetC14_2 Pin=C14-2
Added Pin To Net: NetName=NetC14_2 Pin=U4-4
Added Net: Name=NetC14_2
Added Pin To Net: NetName=NetC15_1 Pin=C15-1
Added Pin To Net: NetName=NetC15_1 Pin=U4-7
Added Pin To Net: NetName=NetC15_1 Pin=X2-1
Added Net: Name=NetC15_1
Added Pin To Net: NetName=NetC16_1 Pin=C16-1
Added Pin To Net: NetName=NetC16_1 Pin=U4-8
Added Pin To Net: NetName=NetC16_1 Pin=X2-2
Added Net: Name=NetC16_1
Added Pin To Net: NetName=NetC18_2 Pin=C18-2
Added Pin To Net: NetName=NetC18_2 Pin=U5-10
Added Net: Name=NetC18_2
Added Pin To Net: NetName=NetC19_1 Pin=C19-1
Added Pin To Net: NetName=NetC19_1 Pin=U5-20
Added Net: Name=NetC19_1
Added Pin To Net: NetName=NetD3_1 Pin=D3-1
Added Pin To Net: NetName=NetD3_1 Pin=R17-2
Added Net: Name=NetD3_1
Added Pin To Net: NetName=NetD4_1 Pin=D4-1
Added Pin To Net: NetName=NetD4_1 Pin=R18-2
Added Net: Name=NetD4_1
Added Pin To Net: NetName=NetD5_1 Pin=D5-1
Added Pin To Net: NetName=NetD5_1 Pin=R19-2
Added Net: Name=NetD5_1
Added Pin To Net: NetName=NetD6_K Pin=D6-K
Added Pin To Net: NetName=NetD6_K Pin=P2-1
Added Net: Name=NetD6_K
Added Pin To Net: NetName=NetR12_2 Pin=R12-2
Added Pin To Net: NetName=NetR12_2 Pin=U5-12
Added Net: Name=NetR12_2
Added Pin To Net: NetName=NetR14_1 Pin=R14-1
Added Pin To Net: NetName=NetR14_1 Pin=R15-2
Added Net: Name=NetR14_1
Added Pin To Net: NetName=USB+ Pin=U4-5
Added Pin To Net: NetName=USB+ Pin=USB1-3
Added Net: Name=USB+
Added Pin To Net: NetName=USB- Pin=U4-6
Added Pin To Net: NetName=USB- Pin=USB1-2
Added Net: Name=USB-
Added Member To Class: ClassName=UperMachine Member=Component C14 0.01uf
Added Member To Class: ClassName=UperMachine Member=Component C15 22pf
Added Member To Class: ClassName=UperMachine Member=Component C16 22pf
Added Member To Class: ClassName=UperMachine Member=Component C17 104
Added Member To Class: ClassName=UperMachine Member=Component C18 104
Added Member To Class: ClassName=UperMachine Member=Component C19 104
Added Member To Class: ClassName=UperMachine Member=Component D4 LED_SMD_WHITE
Added Member To Class: ClassName=UperMachine Member=Component D5 LED_SMD_WHITE
Added Member To Class: ClassName=UperMachine Member=Component D6 1N5824
Added Member To Class: ClassName=UperMachine Member=Component DC1 DC_Socket
Added Member To Class: ClassName=UperMachine Member=Component R10 4.7K
Added Member To Class: ClassName=UperMachine Member=Component R11 4.7K
Added Member To Class: ClassName=UperMachine Member=Component R12 470R
Added Member To Class: ClassName=UperMachine Member=Component R13 10K
Added Member To Class: ClassName=UperMachine Member=Component R14 470R
Added Member To Class: ClassName=UperMachine Member=Component R15 0R
Added Member To Class: ClassName=UperMachine Member=Component R17 470R
Added Member To Class: ClassName=UperMachine Member=Component R18 470R
Added Member To Class: ClassName=UperMachine Member=Component R19 470R
Added Member To Class: ClassName=UperMachine Member=Component U4 CH340G
Added Member To Class: ClassName=UperMachine Member=Component U5 MPU6050
Added Member To Class: ClassName=UperMachine Member=Component USB1 USB-MICRO
Added Member To Class: ClassName=UperMachine Member=Component X2 12M
